\BOOKMARK [0][-]{chapter.0}{Introduction}{}% 1
\BOOKMARK [1][-]{section.0.1}{Mathematical Symbols and Sets}{chapter.0}% 2
\BOOKMARK [2][-]{subsection.0.1.1}{Logical Statements and their Truth Value}{section.0.1}% 3
\BOOKMARK [2][-]{subsection.0.1.2}{Common mathematical notations}{section.0.1}% 4
\BOOKMARK [2][-]{subsection.0.1.3}{Sets and subsets}{section.0.1}% 5
\BOOKMARK [2][-]{subsection.0.1.4}{Intersection, union, difference and complement sets}{section.0.1}% 6
\BOOKMARK [2][-]{subsection.0.1.5}{Important number sets}{section.0.1}% 7
\BOOKMARK [2][-]{subsection.0.1.6}{Intervals on the real number line}{section.0.1}% 8
\BOOKMARK [2][-]{subsection.0.1.7}{Cartesian Products}{section.0.1}% 9
\BOOKMARK [1][-]{section.0.2}{Relations and Functions}{chapter.0}% 10
\BOOKMARK [2][-]{subsection.0.2.1}{Basics}{section.0.2}% 11
\BOOKMARK [2][-]{subsection.0.2.2}{Injective, surjective and bijective functions}{section.0.2}% 12
\BOOKMARK [2][-]{subsection.0.2.3}{Real functions}{section.0.2}% 13
\BOOKMARK [2][-]{subsection.0.2.4}{Composition of functions}{section.0.2}% 14
\BOOKMARK [1][-]{section.0.3}{Polynomial functions}{chapter.0}% 15
\BOOKMARK [1][-]{section.0.4}{Exponential and Logarithmic Functions}{chapter.0}% 16
\BOOKMARK [1][-]{section.0.5}{Trigonometric functions}{chapter.0}% 17
\BOOKMARK [1][-]{section.0.6}{Complex Numbers}{chapter.0}% 18
\BOOKMARK [2][-]{subsection.0.6.1}{Algebraic approach}{section.0.6}% 19
\BOOKMARK [0][-]{chapter.1}{This is a Test Title}{}% 20
\BOOKMARK [1][-]{section.1.1}{The Foo and the Bar}{chapter.1}% 21
\BOOKMARK [2][-]{subsection.1.1.1}{The Foo; or: Why Does a Fish?}{section.1.1}% 22
\BOOKMARK [2][-]{subsection.1.1.2}{The Bar, the One and Only}{section.1.1}% 23
